[2022-01-02 16:43:18]  ----- BEGIN -----
[2022-01-02 16:43:18]  Old version 
[2022-01-02 16:45:50]  ----- BEGIN -----
[2022-01-02 16:45:50]  Old version 1.9.7
[2022-01-02 16:45:50]  Store plugin version 1.9.7
[2022-01-02 16:45:50]  ----- END -----

[2022-01-02 16:45:59]  ----- BEGIN -----
[2022-01-02 16:45:59]  Old version 1.9.7
[2022-01-02 16:45:59]  Store plugin version 1.9.7
[2022-01-02 16:45:59]  ----- END -----

[2022-01-02 18:24:35]  ----- BEGIN -----
[2022-01-02 18:24:35]  Old version 1.9.7
[2022-01-02 18:24:35]  Store plugin version 1.9.7
[2022-01-02 18:24:35]  ----- END -----

[2022-01-02 18:39:33]  ----- BEGIN -----
[2022-01-02 18:39:33]  Old version 1.9.7
[2022-01-02 18:39:33]  Store plugin version 1.9.7
[2022-01-02 18:39:33]  ----- END -----

[2022-01-02 18:43:23]  ----- BEGIN -----
[2022-01-02 18:43:23]  Old version 1.9.7
[2022-01-02 18:43:23]  Store plugin version 1.9.7
[2022-01-02 18:43:23]  ----- END -----

[2022-01-02 18:43:56]  ----- BEGIN -----
[2022-01-02 18:43:56]  Old version 1.9.7
[2022-01-02 18:43:56]  Store plugin version 1.9.7
[2022-01-02 18:43:56]  ----- END -----

